0 info it worked if it ends with ok
1 verbose cli [ 'C:\\Program Files\\nodejs\\node.exe',
1 verbose cli   'C:\\Program Files\\nodejs\\node_modules\\npm\\bin\\npm-cli.js',
1 verbose cli   'run',
1 verbose cli   'deploy' ]
2 info using npm@4.0.5
3 info using node@v7.4.0
4 verbose run-script [ 'predeploy', 'deploy', 'postdeploy' ]
5 info lifecycle epsi-echec-client@0.1.0~predeploy: epsi-echec-client@0.1.0
6 silly lifecycle epsi-echec-client@0.1.0~predeploy: no script for predeploy, continuing
7 info lifecycle epsi-echec-client@0.1.0~deploy: epsi-echec-client@0.1.0
8 verbose lifecycle epsi-echec-client@0.1.0~deploy: unsafe-perm in lifecycle true
9 verbose lifecycle epsi-echec-client@0.1.0~deploy: PATH: C:\Program Files\nodejs\node_modules\npm\bin\node-gyp-bin;D:\Dev\epsi-echec-client\node_modules\.bin;C:\ProgramData\Oracle\Java\javapath;C:\WINDOWS\system32;C:\WINDOWS;C:\WINDOWS\System32\Wbem;C:\WINDOWS\System32\WindowsPowerShell\v1.0\;D:\Programmes\AMD\ATI.ACE\Core-Static;C:\Program Files (x86)\ATI Technologies\ATI.ACE\Core-Static;C:\Programmes\TortoiseGit\bin;C:\WINDOWS\system32\config\systemprofile\.dnx\bin;C:\Program Files\Microsoft DNX\Dnvm\;C:\Program Files\Microsoft SQL Server\130\Tools\Binn\;C:\Program Files (x86)\Windows Kits\10\Windows Performance Toolkit\;C:\Program Files (x86)\Microsoft Emulator Manager\1.0\;C:\Program Files\Microsoft SQL Server\110\Tools\Binn\;C:\Program Files (x86)\Microsoft SDKs\TypeScript\1.0\;C:\Program Files\Microsoft SQL Server\120\Tools\Binn\;C:\Program Files (x86)\Microsoft Team Foundation Server 2013 Power Tools\;C:\Program Files (x86)\Microsoft Team Foundation Server 2013 Power Tools\Best Practices Analyzer\;D:\Program Files\ATI Technologies\ATI.ACE\Core-Static;C:\Program Files (x86)\AMD\ATI.ACE\Core-Static;C:\Program Files\nodejs\;C:\Program Files (x86)\Skype\Phone\;C:\Program Files (x86)\Yarn\bin;C:\Users\Thomas\AppData\Roaming\npm;C:\Users\Thomas\AppData\Local\atom\bin;C:\Users\Thomas\AppData\Local\Yarn\.bin
10 verbose lifecycle epsi-echec-client@0.1.0~deploy: CWD: D:\Dev\epsi-echec-client
11 silly lifecycle epsi-echec-client@0.1.0~deploy: Args: [ '/d /s /c', 'gh-pages -d build' ]
12 silly lifecycle epsi-echec-client@0.1.0~deploy: Returned: code: 1  signal: null
13 info lifecycle epsi-echec-client@0.1.0~deploy: Failed to exec deploy script
14 verbose stack Error: epsi-echec-client@0.1.0 deploy: `gh-pages -d build`
14 verbose stack Exit status 1
14 verbose stack     at EventEmitter.<anonymous> (C:\Program Files\nodejs\node_modules\npm\lib\utils\lifecycle.js:279:16)
14 verbose stack     at emitTwo (events.js:106:13)
14 verbose stack     at EventEmitter.emit (events.js:191:7)
14 verbose stack     at ChildProcess.<anonymous> (C:\Program Files\nodejs\node_modules\npm\lib\utils\spawn.js:40:14)
14 verbose stack     at emitTwo (events.js:106:13)
14 verbose stack     at ChildProcess.emit (events.js:191:7)
14 verbose stack     at maybeClose (internal/child_process.js:885:16)
14 verbose stack     at Process.ChildProcess._handle.onexit (internal/child_process.js:226:5)
15 verbose pkgid epsi-echec-client@0.1.0
16 verbose cwd D:\Dev\epsi-echec-client\build
17 error Windows_NT 10.0.10586
18 error argv "C:\\Program Files\\nodejs\\node.exe" "C:\\Program Files\\nodejs\\node_modules\\npm\\bin\\npm-cli.js" "run" "deploy"
19 error node v7.4.0
20 error npm  v4.0.5
21 error code ELIFECYCLE
22 error epsi-echec-client@0.1.0 deploy: `gh-pages -d build`
22 error Exit status 1
23 error Failed at the epsi-echec-client@0.1.0 deploy script 'gh-pages -d build'.
23 error Make sure you have the latest version of node.js and npm installed.
23 error If you do, this is most likely a problem with the epsi-echec-client package,
23 error not with npm itself.
23 error Tell the author that this fails on your system:
23 error     gh-pages -d build
23 error You can get information on how to open an issue for this project with:
23 error     npm bugs epsi-echec-client
23 error Or if that isn't available, you can get their info via:
23 error     npm owner ls epsi-echec-client
23 error There is likely additional logging output above.
24 verbose exit [ 1, true ]
